# JRE version: Java(TM) SE Runtime Environment (8.0_65-b17) (build 1.8.0_65-b17)
# Java VM: Java HotSpot(TM) 64-Bit Server VM (25.65-b01 mixed mode windows-amd64 compressed oops)
Heap:
 PSYoungGen      total 173568K, used 145844K [0x00000000eb180000, 0x00000000f9300000, 0x0000000100000000)
  eden space 158720K, 82% used [0x00000000eb180000,0x00000000f3170c30,0x00000000f4c80000)
  from space 14848K, 99% used [0x00000000f8480000,0x00000000f92fc558,0x00000000f9300000)
  to   space 14848K, 0% used [0x00000000f4c80000,0x00000000f4c80000,0x00000000f5b00000)
 ParOldGen       total 57856K, used 21587K [0x00000000c1400000, 0x00000000c4c80000, 0x00000000eb180000)
  object space 57856K, 37% used [0x00000000c1400000,0x00000000c2914dc0,0x00000000c4c80000)
 Metaspace       used 53345K, capacity 55594K, committed 55600K, reserved 1097728K
  class space    used 7057K, capacity 7470K, committed 7472K, reserved 1048576K
GC Heap History (10 events):
Event: 3.627 GC heap before
{Heap before GC invocations=8 (full 1):
 PSYoungGen      total 109056K, used 108561K [0x00000000eb180000, 0x00000000f4000000, 0x0000000100000000)
  eden space 104448K, 100% used [0x00000000eb180000,0x00000000f1780000,0x00000000f1780000)
  from space 4608K, 89% used [0x00000000f3b80000,0x00000000f3f84588,0x00000000f4000000)
  to   space 9728K, 0% used [0x00000000f2d00000,0x00000000f2d00000,0x00000000f3680000)
 ParOldGen       total 40960K, used 10786K [0x00000000c1400000, 0x00000000c3c00000, 0x00000000eb180000)
  object space 40960K, 26% used [0x00000000c1400000,0x00000000c1e88b98,0x00000000c3c00000)
 Metaspace       used 27733K, capacity 28774K, committed 28976K, reserved 1075200K
  class space    used 3599K, capacity 3821K, committed 3888K, reserved 1048576K
Event: 3.651 GC heap after
Heap after GC invocations=8 (full 1):
 PSYoungGen      total 136192K, used 8908K [0x00000000eb180000, 0x00000000f6580000, 0x0000000100000000)
  eden space 126464K, 0% used [0x00000000eb180000,0x00000000eb180000,0x00000000f2d00000)
  from space 9728K, 91% used [0x00000000f2d00000,0x00000000f35b3148,0x00000000f3680000)
  to   space 10752K, 0% used [0x00000000f5b00000,0x00000000f5b00000,0x00000000f6580000)
 ParOldGen       total 40960K, used 10794K [0x00000000c1400000, 0x00000000c3c00000, 0x00000000eb180000)
  object space 40960K, 26% used [0x00000000c1400000,0x00000000c1e8ab98,0x00000000c3c00000)
 Metaspace       used 27733K, capacity 28774K, committed 28976K, reserved 1075200K
  class space    used 3599K, capacity 3821K, committed 3888K, reserved 1048576K
}
Event: 8.013 GC heap before
{Heap before GC invocations=9 (full 1):
 PSYoungGen      total 136192K, used 135368K [0x00000000eb180000, 0x00000000f6580000, 0x0000000100000000)
  eden space 126464K, 99% used [0x00000000eb180000,0x00000000f2cff260,0x00000000f2d00000)
  from space 9728K, 91% used [0x00000000f2d00000,0x00000000f35b3148,0x00000000f3680000)
  to   space 10752K, 0% used [0x00000000f5b00000,0x00000000f5b00000,0x00000000f6580000)
 ParOldGen       total 40960K, used 10794K [0x00000000c1400000, 0x00000000c3c00000, 0x00000000eb180000)
  object space 40960K, 26% used [0x00000000c1400000,0x00000000c1e8ab98,0x00000000c3c00000)
 Metaspace       used 33431K, capacity 34932K, committed 35120K, reserved 1079296K
  class space    used 4315K, capacity 4582K, committed 4656K, reserved 1048576K
Event: 8.028 GC heap after
Heap after GC invocations=9 (full 1):
 PSYoungGen      total 169472K, used 10729K [0x00000000eb180000, 0x00000000f8700000, 0x0000000100000000)
  eden space 158720K, 0% used [0x00000000eb180000,0x00000000eb180000,0x00000000f4c80000)
  from space 10752K, 99% used [0x00000000f5b00000,0x00000000f657a6f8,0x00000000f6580000)
  to   space 14848K, 0% used [0x00000000f4c80000,0x00000000f4c80000,0x00000000f5b00000)
 ParOldGen       total 40960K, used 15884K [0x00000000c1400000, 0x00000000c3c00000, 0x00000000eb180000)
  object space 40960K, 38% used [0x00000000c1400000,0x00000000c23833a0,0x00000000c3c00000)
 Metaspace       used 33431K, capacity 34932K, committed 35120K, reserved 1079296K
  class space    used 4315K, capacity 4582K, committed 4656K, reserved 1048576K
}
Event: 10.179 GC heap before
{Heap before GC invocations=10 (full 1):
 PSYoungGen      total 169472K, used 41491K [0x00000000eb180000, 0x00000000f8700000, 0x0000000100000000)
  eden space 158720K, 19% used [0x00000000eb180000,0x00000000ecf8a860,0x00000000f4c80000)
  from space 10752K, 99% used [0x00000000f5b00000,0x00000000f657a6f8,0x00000000f6580000)
  to   space 14848K, 0% used [0x00000000f4c80000,0x00000000f4c80000,0x00000000f5b00000)
 ParOldGen       total 40960K, used 15884K [0x00000000c1400000, 0x00000000c3c00000, 0x00000000eb180000)
  object space 40960K, 38% used [0x00000000c1400000,0x00000000c23833a0,0x00000000c3c00000)
 Metaspace       used 33847K, capacity 35316K, committed 35496K, reserved 1081344K
  class space    used 4361K, capacity 4646K, committed 4656K, reserved 1048576K
Event: 10.195 GC heap after
Heap after GC invocations=10 (full 1):
 PSYoungGen      total 173568K, used 9268K [0x00000000eb180000, 0x00000000f9300000, 0x0000000100000000)
  eden space 158720K, 0% used [0x00000000eb180000,0x00000000eb180000,0x00000000f4c80000)
  from space 14848K, 62% used [0x00000000f4c80000,0x00000000f558d398,0x00000000f5b00000)
  to   space 14848K, 0% used [0x00000000f8480000,0x00000000f8480000,0x00000000f9300000)
 ParOldGen       total 40960K, used 18002K [0x00000000c1400000, 0x00000000c3c00000, 0x00000000eb180000)
  object space 40960K, 43% used [0x00000000c1400000,0x00000000c2594a78,0x00000000c3c00000)
 Metaspace       used 33847K, capacity 35316K, committed 35496K, reserved 1081344K
  class space    used 4361K, capacity 4646K, committed 4656K, reserved 1048576K
}
Event: 10.195 GC heap before
{Heap before GC invocations=11 (full 2):
 PSYoungGen      total 173568K, used 9268K [0x00000000eb180000, 0x00000000f9300000, 0x0000000100000000)
  eden space 158720K, 0% used [0x00000000eb180000,0x00000000eb180000,0x00000000f4c80000)
  from space 14848K, 62% used [0x00000000f4c80000,0x00000000f558d398,0x00000000f5b00000)
  to   space 14848K, 0% used [0x00000000f8480000,0x00000000f8480000,0x00000000f9300000)
 ParOldGen       total 40960K, used 18002K [0x00000000c1400000, 0x00000000c3c00000, 0x00000000eb180000)
  object space 40960K, 43% used [0x00000000c1400000,0x00000000c2594a78,0x00000000c3c00000)
 Metaspace       used 33847K, capacity 35316K, committed 35496K, reserved 1081344K
  class space    used 4361K, capacity 4646K, committed 4656K, reserved 1048576K
Event: 10.261 GC heap after
Heap after GC invocations=11 (full 2):
 PSYoungGen      total 173568K, used 0K [0x00000000eb180000, 0x00000000f9300000, 0x0000000100000000)
  eden space 158720K, 0% used [0x00000000eb180000,0x00000000eb180000,0x00000000f4c80000)
  from space 14848K, 0% used [0x00000000f4c80000,0x00000000f4c80000,0x00000000f5b00000)
  to   space 14848K, 0% used [0x00000000f8480000,0x00000000f8480000,0x00000000f9300000)
 ParOldGen       total 57856K, used 17734K [0x00000000c1400000, 0x00000000c4c80000, 0x00000000eb180000)
  object space 57856K, 30% used [0x00000000c1400000,0x00000000c2551b58,0x00000000c4c80000)
 Metaspace       used 33847K, capacity 35316K, committed 35496K, reserved 1081344K
  class space    used 4361K, capacity 4646K, committed 4656K, reserved 1048576K
}
Event: 14.441 GC heap before
{Heap before GC invocations=12 (full 2):
 PSYoungGen      total 173568K, used 158720K [0x00000000eb180000, 0x00000000f9300000, 0x0000000100000000)
  eden space 158720K, 100% used [0x00000000eb180000,0x00000000f4c80000,0x00000000f4c80000)
  from space 14848K, 0% used [0x00000000f4c80000,0x00000000f4c80000,0x00000000f5b00000)
  to   space 14848K, 0% used [0x00000000f8480000,0x00000000f8480000,0x00000000f9300000)
 ParOldGen       total 57856K, used 17734K [0x00000000c1400000, 0x00000000c4c80000, 0x00000000eb180000)
  object space 57856K, 30% used [0x00000000c1400000,0x00000000c2551b58,0x00000000c4c80000)
 Metaspace       used 49646K, capacity 51632K, committed 51760K, reserved 1093632K
  class space    used 6541K, capacity 6947K, committed 6960K, reserved 1048576K
Event: 14.489 GC heap after
Heap after GC invocations=12 (full 2):
 PSYoungGen      total 173568K, used 14833K [0x00000000eb180000, 0x00000000f9300000, 0x0000000100000000)
  eden space 158720K, 0% used [0x00000000eb180000,0x00000000eb180000,0x00000000f4c80000)
  from space 14848K, 99% used [0x00000000f8480000,0x00000000f92fc558,0x00000000f9300000)
  to   space 14848K, 0% used [0x00000000f4c80000,0x00000000f4c80000,0x00000000f5b00000)
 ParOldGen       total 57856K, used 21587K [0x00000000c1400000, 0x00000000c4c80000, 0x00000000eb180000)
  object space 57856K, 37% used [0x00000000c1400000,0x00000000c2914dc0,0x00000000c4c80000)
 Metaspace       used 49646K, capacity 51632K, committed 51760K, reserved 1093632K
  class space    used 6541K, capacity 6947K, committed 6960K, reserved 1048576K
}

